<?xml version="1.0" encoding="UTF-8"?>
<coverage generated="1631789088897" clover="3.2.0">
  <project timestamp="1631789088897" name="All files">
    <metrics statements="5" coveredstatements="5" conditionals="2" coveredconditionals="1" methods="4" coveredmethods="4" elements="11" coveredelements="10" complexity="0" loc="5" ncloc="5" packages="1" files="2" classes="2"/>
    <file name="TestComponent.js" path="/Users/michelleermen/lit/src/TestComponent.js">
      <metrics statements="4" coveredstatements="4" conditionals="2" coveredconditionals="1" methods="4" coveredmethods="4"/>
      <line num="8" count="1" type="stmt"/>
      <line num="14" count="3" type="stmt"/>
      <line num="18" count="1" type="stmt"/>
      <line num="22" count="3" type="stmt"/>
    </file>
    <file name="index.js" path="/Users/michelleermen/lit/src/index.js">
      <metrics statements="1" coveredstatements="1" conditionals="0" coveredconditionals="0" methods="0" coveredmethods="0"/>
      <line num="3" count="1" type="stmt"/>
    </file>
  </project>
</coverage>
