<?xml version="1.0" encoding="UTF-8"?>
<coverage generated="1631775604423" clover="3.2.0">
  <project timestamp="1631775604423" name="All files">
    <metrics statements="6" coveredstatements="6" conditionals="2" coveredconditionals="1" methods="4" coveredmethods="4" elements="12" coveredelements="11" complexity="0" loc="6" ncloc="6" packages="1" files="2" classes="2"/>
    <file name="index.js" path="/Users/michelleermen/lit/src/index.js">
      <metrics statements="1" coveredstatements="1" conditionals="0" coveredconditionals="0" methods="0" coveredmethods="0"/>
      <line num="3" count="1" type="stmt"/>
    </file>
    <file name="testComponent.js" path="/Users/michelleermen/lit/src/testComponent.js">
      <metrics statements="5" coveredstatements="5" conditionals="2" coveredconditionals="1" methods="4" coveredmethods="4"/>
      <line num="8" count="1" type="stmt"/>
      <line num="14" count="3" type="stmt"/>
      <line num="15" count="3" type="stmt"/>
      <line num="19" count="1" type="stmt"/>
      <line num="23" count="3" type="stmt"/>
    </file>
  </project>
</coverage>
