<?xml version="1.0" ?>
<!DOCTYPE coverage SYSTEM "http://cobertura.sourceforge.net/xml/coverage-04.dtd">
<coverage lines-valid="4" lines-covered="4" line-rate="1" branches-valid="2" branches-covered="2" branch-rate="1" timestamp="1631890449840" complexity="0" version="0.1">
  <sources>
    <source>/Users/michelleermen/lit</source>
  </sources>
  <packages>
    <class name="TestComponent.js" filename="src/TestComponent.js" line-rate="1" branch-rate="1">
      <methods>
        <method name="(anonymous_0)" hits="1" signature="()V">
          <lines>
            <line number="7" hits="1"/>
          </lines>
        </method>
        <method name="(anonymous_1)" hits="1" signature="()V">
          <lines>
            <line number="13" hits="1"/>
          </lines>
        </method>
        <method name="(anonymous_2)" hits="6" signature="()V">
          <lines>
            <line number="17" hits="6"/>
          </lines>
        </method>
      </methods>
      <lines>
        <line number="8" hits="1" branch="false"/>
        <line number="14" hits="1" branch="false"/>
        <line number="18" hits="6" branch="false"/>
      </lines>
    </class>
    <class name="index.js" filename="src/index.js" line-rate="1" branch-rate="1">
      <methods>
      </methods>
      <lines>
        <line number="3" hits="1" branch="false"/>
      </lines>
    </class>
  </packages>
</coverage>
