<?xml version="1.0" ?>
<!DOCTYPE coverage SYSTEM "http://cobertura.sourceforge.net/xml/coverage-04.dtd">
<coverage lines-valid="6" lines-covered="6" line-rate="1" branches-valid="0" branches-covered="0" branch-rate="1" timestamp="1631729773064" complexity="0" version="0.1">
  <sources>
    <source>/Users/michelleermen/lit</source>
  </sources>
  <packages>
    <class name="index.js" filename="src/index.js" line-rate="1" branch-rate="1">
      <methods>
      </methods>
      <lines>
        <line number="3" hits="1" branch="false"/>
      </lines>
    </class>
    <class name="testComponent.js" filename="src/testComponent.js" line-rate="1" branch-rate="1">
      <methods>
        <method name="(anonymous_0)" hits="1" signature="()V">
          <lines>
            <line number="7" hits="1"/>
          </lines>
        </method>
        <method name="(anonymous_1)" hits="2" signature="()V">
          <lines>
            <line number="11" hits="2"/>
          </lines>
        </method>
        <method name="(anonymous_2)" hits="1" signature="()V">
          <lines>
            <line number="16" hits="1"/>
          </lines>
        </method>
        <method name="(anonymous_3)" hits="2" signature="()V">
          <lines>
            <line number="20" hits="2"/>
          </lines>
        </method>
      </methods>
      <lines>
        <line number="8" hits="1" branch="false"/>
        <line number="12" hits="2" branch="false"/>
        <line number="13" hits="2" branch="false"/>
        <line number="17" hits="1" branch="false"/>
        <line number="21" hits="2" branch="false"/>
      </lines>
    </class>
  </packages>
</coverage>
