{"/Users/michelleermen/lit/src/index.js": {"path":"/Users/michelleermen/lit/src/index.js","statementMap":{"0":{"start":{"line":3,"column":0},"end":{"line":3,"column":55}}},"fnMap":{},"branchMap":{},"s":{"0":1},"f":{},"b":{},"_coverageSchema":"1a1c01bbd47fc00a2c39e90264f33305004495a9","hash":"92a493c24b4325f5de82f705ef7108d38bbf5eec"}
,"/Users/michelleermen/lit/src/testComponent.js": {"path":"/Users/michelleermen/lit/src/testComponent.js","statementMap":{"0":{"start":{"line":9,"column":13},"end":{"line":9,"column":17}},"1":{"start":{"line":12,"column":4},"end":{"line":12,"column":20}},"2":{"start":{"line":16,"column":4},"end":{"line":21,"column":16}}},"fnMap":{"0":{"name":"(anonymous_0)","decl":{"start":{"line":11,"column":2},"end":{"line":11,"column":3}},"loc":{"start":{"line":11,"column":22},"end":{"line":13,"column":3}},"line":11},"1":{"name":"(anonymous_1)","decl":{"start":{"line":15,"column":2},"end":{"line":15,"column":3}},"loc":{"start":{"line":15,"column":11},"end":{"line":22,"column":3}},"line":15}},"branchMap":{"0":{"loc":{"start":{"line":17,"column":22},"end":{"line":17,"column":53}},"type":"cond-expr","locations":[{"start":{"line":17,"column":38},"end":{"line":17,"column":48}},{"start":{"line":17,"column":51},"end":{"line":17,"column":53}}],"line":17}},"s":{"0":3,"1":2,"2":3},"f":{"0":2,"1":3},"b":{"0":[3,0]},"_coverageSchema":"1a1c01bbd47fc00a2c39e90264f33305004495a9","hash":"ce20c56e41bf7099874355431d313c19bb7f2d7e"}
}
