{"/Users/michelleermen/lit/src/TestComponent.js": {"path":"/Users/michelleermen/lit/src/TestComponent.js","statementMap":{"0":{"start":{"line":8,"column":4},"end":{"line":10,"column":6}},"1":{"start":{"line":14,"column":4},"end":{"line":14,"column":12}},"2":{"start":{"line":18,"column":4},"end":{"line":18,"column":20}},"3":{"start":{"line":22,"column":4},"end":{"line":27,"column":16}}},"fnMap":{"0":{"name":"(anonymous_0)","decl":{"start":{"line":7,"column":2},"end":{"line":7,"column":3}},"loc":{"start":{"line":7,"column":26},"end":{"line":11,"column":3}},"line":7},"1":{"name":"(anonymous_1)","decl":{"start":{"line":13,"column":2},"end":{"line":13,"column":3}},"loc":{"start":{"line":13,"column":16},"end":{"line":15,"column":3}},"line":13},"2":{"name":"(anonymous_2)","decl":{"start":{"line":17,"column":2},"end":{"line":17,"column":3}},"loc":{"start":{"line":17,"column":22},"end":{"line":19,"column":3}},"line":17},"3":{"name":"(anonymous_3)","decl":{"start":{"line":21,"column":2},"end":{"line":21,"column":3}},"loc":{"start":{"line":21,"column":11},"end":{"line":28,"column":3}},"line":21}},"branchMap":{"0":{"loc":{"start":{"line":23,"column":22},"end":{"line":23,"column":58}},"type":"cond-expr","locations":[{"start":{"line":23,"column":43},"end":{"line":23,"column":53}},{"start":{"line":23,"column":56},"end":{"line":23,"column":58}}],"line":23}},"s":{"0":1,"1":4,"2":1,"3":4},"f":{"0":1,"1":4,"2":1,"3":4},"b":{"0":[0,4]},"_coverageSchema":"1a1c01bbd47fc00a2c39e90264f33305004495a9","hash":"1dde9db8a7a773371d00071f5a3e3d3599891517"}
,"/Users/michelleermen/lit/src/index.js": {"path":"/Users/michelleermen/lit/src/index.js","statementMap":{"0":{"start":{"line":3,"column":0},"end":{"line":3,"column":55}}},"fnMap":{},"branchMap":{},"s":{"0":1},"f":{},"b":{},"_coverageSchema":"1a1c01bbd47fc00a2c39e90264f33305004495a9","hash":"92a493c24b4325f5de82f705ef7108d38bbf5eec"}
}
